{
  "stats": {
    "suites": 2,
    "tests": 6,
    "passes": 2,
    "pending": 4,
    "failures": 0,
    "start": "2023-07-19T14:59:40.166Z",
    "end": "2023-07-19T14:59:40.172Z",
    "duration": 6,
    "testsRegistered": 6,
    "passPercent": 100,
    "pendingPercent": 66.66666666666666,
    "other": 0,
    "hasOther": false,
    "skipped": 0,
    "hasSkipped": false
  },
  "results": [
    {
      "uuid": "19c48638-19cd-4fb4-9e14-1b76ca07c71a",
      "title": "",
      "fullFile": "",
      "file": "",
      "beforeHooks": [
        {
          "title": "\"before all\" hook in \"{root}\"",
          "fullTitle": "\"before all\" hook in \"{root}\"",
          "timedOut": false,
          "duration": 0,
          "state": null,
          "speed": null,
          "pass": false,
          "fail": false,
          "pending": false,
          "context": null,
          "code": "log('Before Hook')",
          "err": {},
          "uuid": "cd84cefb-eaab-4d03-b593-6d7a5c3c1861",
          "parentUUID": "19c48638-19cd-4fb4-9e14-1b76ca07c71a",
          "isHook": true,
          "skipped": false
        },
        {
          "title": "\"before each\" hook in \"{root}\"",
          "fullTitle": "\"before each\" hook in \"{root}\"",
          "timedOut": false,
          "duration": 0,
          "state": null,
          "speed": null,
          "pass": false,
          "fail": false,
          "pending": false,
          "context": null,
          "code": "log('Before Each Hook')",
          "err": {},
          "uuid": "9123a310-ee36-4746-b2d1-0ea73bb11634",
          "parentUUID": "19c48638-19cd-4fb4-9e14-1b76ca07c71a",
          "isHook": true,
          "skipped": false
        }
      ],
      "afterHooks": [
        {
          "title": "\"after all\" hook in \"{root}\"",
          "fullTitle": "\"after all\" hook in \"{root}\"",
          "timedOut": false,
          "duration": 0,
          "state": null,
          "speed": null,
          "pass": false,
          "fail": false,
          "pending": false,
          "context": null,
          "code": "log('After Hook')",
          "err": {},
          "uuid": "aa7777b8-266d-4be6-8504-20d9babb9b54",
          "parentUUID": "19c48638-19cd-4fb4-9e14-1b76ca07c71a",
          "isHook": true,
          "skipped": false
        },
        {
          "title": "\"after each\" hook in \"{root}\"",
          "fullTitle": "\"after each\" hook in \"{root}\"",
          "timedOut": false,
          "duration": 0,
          "state": null,
          "speed": null,
          "pass": false,
          "fail": false,
          "pending": false,
          "context": null,
          "code": "log('After Each Hook')",
          "err": {},
          "uuid": "7747bc57-b52d-41c0-a212-e50940ad7ca8",
          "parentUUID": "19c48638-19cd-4fb4-9e14-1b76ca07c71a",
          "isHook": true,
          "skipped": false
        }
      ],
      "tests": [],
      "suites": [
        {
          "uuid": "05746810-7203-430d-965e-25efe9cfc1ad",
          "title": "Mocha validations",
          "fullFile": "/home/joyce/projects/mochaframework/test/testcase01.js",
          "file": "/test/testcase01.js",
          "beforeHooks": [],
          "afterHooks": [],
          "tests": [
            {
              "title": "Validate through should",
              "fullTitle": "Mocha validations Validate through should",
              "timedOut": false,
              "duration": 2,
              "state": "passed",
              "speed": "fast",
              "pass": true,
              "fail": false,
              "pending": false,
              "context": null,
              "code": "name.should.equal('Joyce')\n       //name.should.equal('joyce')\n       name.should.have.lengthOf(5)\n       //name.should.have.lengthOf(6)\n       log(isElementPresent())\n       isElementPresent().should.be.true",
              "err": {},
              "uuid": "9e90fdb5-2f2b-484c-adc4-a507896e8385",
              "parentUUID": "05746810-7203-430d-965e-25efe9cfc1ad",
              "isHook": false,
              "skipped": false
            },
            {
              "title": "Validate through expect",
              "fullTitle": "Mocha validations Validate through expect",
              "timedOut": false,
              "duration": 0,
              "state": "pending",
              "speed": null,
              "pass": false,
              "fail": false,
              "pending": true,
              "context": null,
              "code": "",
              "err": {},
              "uuid": "bd09a960-5f39-4348-bfd4-b8fef4216bf9",
              "parentUUID": "05746810-7203-430d-965e-25efe9cfc1ad",
              "isHook": false,
              "skipped": false
            },
            {
              "title": "Validate through assert",
              "fullTitle": "Mocha validations Validate through assert",
              "timedOut": false,
              "duration": 0,
              "state": "passed",
              "speed": "fast",
              "pass": true,
              "fail": false,
              "pending": false,
              "context": null,
              "code": "assert.equal(name,'Joyce')\n        assert.lengthOf(name,5)\n        //assert.lengthOf(name,6)\n        assert.equal(isElementPresent(),true)",
              "err": {},
              "uuid": "2506ad98-b4a3-4215-ac5d-c9d24c3e48cf",
              "parentUUID": "05746810-7203-430d-965e-25efe9cfc1ad",
              "isHook": false,
              "skipped": false
            }
          ],
          "suites": [],
          "passes": [
            "9e90fdb5-2f2b-484c-adc4-a507896e8385",
            "2506ad98-b4a3-4215-ac5d-c9d24c3e48cf"
          ],
          "failures": [],
          "pending": [
            "bd09a960-5f39-4348-bfd4-b8fef4216bf9"
          ],
          "skipped": [],
          "duration": 2,
          "root": false,
          "rootEmpty": false,
          "_timeout": 2000
        },
        {
          "uuid": "5bcd3830-6250-4b65-9a48-4d01cdf0e73b",
          "title": "Mocha validations2",
          "fullFile": "/home/joyce/projects/mochaframework/test/testcase01.js",
          "file": "/test/testcase01.js",
          "beforeHooks": [],
          "afterHooks": [],
          "tests": [
            {
              "title": "Validate through should2",
              "fullTitle": "Mocha validations2 Validate through should2",
              "timedOut": false,
              "duration": 0,
              "state": "pending",
              "speed": null,
              "pass": false,
              "fail": false,
              "pending": true,
              "context": null,
              "code": "",
              "err": {},
              "uuid": "e9b96e3f-cbdb-4692-9f35-47ad336b70dd",
              "parentUUID": "5bcd3830-6250-4b65-9a48-4d01cdf0e73b",
              "isHook": false,
              "skipped": false
            },
            {
              "title": "Validate through expect2",
              "fullTitle": "Mocha validations2 Validate through expect2",
              "timedOut": false,
              "duration": 0,
              "state": "pending",
              "speed": null,
              "pass": false,
              "fail": false,
              "pending": true,
              "context": null,
              "code": "",
              "err": {},
              "uuid": "5f4aebd1-066c-4373-b838-94ba0fd70054",
              "parentUUID": "5bcd3830-6250-4b65-9a48-4d01cdf0e73b",
              "isHook": false,
              "skipped": false
            },
            {
              "title": "Validate through assert2",
              "fullTitle": "Mocha validations2 Validate through assert2",
              "timedOut": false,
              "duration": 0,
              "state": "pending",
              "speed": null,
              "pass": false,
              "fail": false,
              "pending": true,
              "context": null,
              "code": "",
              "err": {},
              "uuid": "bb177ea0-c43b-411a-b676-c84101fec9ff",
              "parentUUID": "5bcd3830-6250-4b65-9a48-4d01cdf0e73b",
              "isHook": false,
              "skipped": false
            }
          ],
          "suites": [],
          "passes": [],
          "failures": [],
          "pending": [
            "e9b96e3f-cbdb-4692-9f35-47ad336b70dd",
            "5f4aebd1-066c-4373-b838-94ba0fd70054",
            "bb177ea0-c43b-411a-b676-c84101fec9ff"
          ],
          "skipped": [],
          "duration": 0,
          "root": false,
          "rootEmpty": false,
          "_timeout": 2000
        }
      ],
      "passes": [],
      "failures": [],
      "pending": [],
      "skipped": [],
      "duration": 0,
      "root": true,
      "rootEmpty": true,
      "_timeout": 2000
    }
  ],
  "meta": {
    "mocha": {
      "version": "10.2.0"
    },
    "mochawesome": {
      "options": {
        "quiet": false,
        "reportFilename": "mochawesome",
        "saveHtml": true,
        "saveJson": true,
        "consoleReporter": "spec",
        "useInlineDiffs": false,
        "code": true
      },
      "version": "7.1.3"
    },
    "marge": {
      "options": null,
      "version": "6.2.0"
    }
  }
}